16:15:03 | INFO     | Chargement de movies_enriched.parquet...
16:15:15 | INFO     | Dataset chargé : 87,585 films | 44 colonnes
16:15:15 | INFO     | Parsing et encodage des genres...
16:15:15 | INFO     | Genres encodés : 20 classes → 20 colonnes OHE
16:15:15 | INFO     | Features numériques normalisées : ['vote_average', 'popularity', 'runtime']
16:15:15 | INFO     | Matrice X construite : (87585, 23) (23 dimensions, genres ×2)
16:15:15 | INFO     | Initialisation PaCMAP 3D...
16:15:15 | INFO     | Lancement fit_transform | n_neighbors=15 | num_iters=(100, 100, 350) | n_components=3
16:15:34 | INFO     | PaCMAP Live 🏁 | Initial Loss: 1626067.38
16:15:35 | INFO     | PaCMAP Live 📈 | Iteration:  10 | Loss: 1078876.00
16:15:37 | INFO     | PaCMAP Live 📈 | Iteration:  20 | Loss: 974791.81
16:15:38 | INFO     | PaCMAP Live 📈 | Iteration:  30 | Loss: 920072.00
16:15:39 | INFO     | PaCMAP Live 📈 | Iteration:  40 | Loss: 874488.94
16:15:40 | INFO     | PaCMAP Live 📈 | Iteration:  50 | Loss: 828577.69
16:15:41 | INFO     | PaCMAP Live 📈 | Iteration:  60 | Loss: 778428.00
16:15:43 | INFO     | PaCMAP Live 📈 | Iteration:  70 | Loss: 720893.06
16:15:44 | INFO     | PaCMAP Live 📈 | Iteration:  80 | Loss: 650922.12
16:15:45 | INFO     | PaCMAP Live 📈 | Iteration:  90 | Loss: 557478.06
16:15:46 | INFO     | PaCMAP Live 📈 | Iteration: 100 | Loss: 400087.00
16:15:47 | INFO     | PaCMAP Live 📈 | Iteration: 110 | Loss: 468787.56
16:15:48 | INFO     | PaCMAP Live 📈 | Iteration: 120 | Loss: 457370.44
16:15:50 | INFO     | PaCMAP Live 📈 | Iteration: 130 | Loss: 453355.91
16:15:51 | INFO     | PaCMAP Live 📈 | Iteration: 140 | Loss: 451227.25
16:15:52 | INFO     | PaCMAP Live 📈 | Iteration: 150 | Loss: 449965.84
16:15:53 | INFO     | PaCMAP Live 📈 | Iteration: 160 | Loss: 449150.84
16:15:54 | INFO     | PaCMAP Live 📈 | Iteration: 170 | Loss: 448558.28
16:15:56 | INFO     | PaCMAP Live 📈 | Iteration: 180 | Loss: 448195.56
16:15:57 | INFO     | PaCMAP Live 📈 | Iteration: 190 | Loss: 448035.53
16:15:58 | INFO     | PaCMAP Live 📈 | Iteration: 200 | Loss: 448001.62
16:15:59 | INFO     | PaCMAP Live 📈 | Iteration: 210 | Loss: 165669.98
16:16:00 | INFO     | PaCMAP Live 📈 | Iteration: 220 | Loss: 161599.55
16:16:02 | INFO     | PaCMAP Live 📈 | Iteration: 230 | Loss: 158697.41
16:16:03 | INFO     | PaCMAP Live 📈 | Iteration: 240 | Loss: 156658.88
16:16:04 | INFO     | PaCMAP Live 📈 | Iteration: 250 | Loss: 155171.73
16:16:05 | INFO     | PaCMAP Live 📈 | Iteration: 260 | Loss: 154034.80
16:16:06 | INFO     | PaCMAP Live 📈 | Iteration: 270 | Loss: 153129.48
16:16:08 | INFO     | PaCMAP Live 📈 | Iteration: 280 | Loss: 152381.44
16:16:09 | INFO     | PaCMAP Live 📈 | Iteration: 290 | Loss: 151748.22
16:16:10 | INFO     | PaCMAP Live 📈 | Iteration: 300 | Loss: 151199.31
16:16:11 | INFO     | PaCMAP Live 📈 | Iteration: 310 | Loss: 150717.03
16:16:12 | INFO     | PaCMAP Live 📈 | Iteration: 320 | Loss: 150289.47
16:16:14 | INFO     | PaCMAP Live 📈 | Iteration: 330 | Loss: 149906.28
16:16:15 | INFO     | PaCMAP Live 📈 | Iteration: 340 | Loss: 149562.22
16:16:16 | INFO     | PaCMAP Live 📈 | Iteration: 350 | Loss: 149248.22
16:16:17 | INFO     | PaCMAP Live 📈 | Iteration: 360 | Loss: 148961.05
16:16:18 | INFO     | PaCMAP Live 📈 | Iteration: 370 | Loss: 148698.45
16:16:19 | INFO     | PaCMAP Live 📈 | Iteration: 380 | Loss: 148458.09
16:16:21 | INFO     | PaCMAP Live 📈 | Iteration: 390 | Loss: 148234.52
16:16:22 | INFO     | PaCMAP Live 📈 | Iteration: 400 | Loss: 148026.12
16:16:23 | INFO     | PaCMAP Live 📈 | Iteration: 410 | Loss: 147830.53
16:16:24 | INFO     | PaCMAP Live 📈 | Iteration: 420 | Loss: 147648.91
16:16:25 | INFO     | PaCMAP Live 📈 | Iteration: 430 | Loss: 147478.00
16:16:27 | INFO     | PaCMAP Live 📈 | Iteration: 440 | Loss: 147317.03
16:16:28 | INFO     | PaCMAP Live 📈 | Iteration: 450 | Loss: 147166.72
16:16:29 | INFO     | PaCMAP Live 📈 | Iteration: 460 | Loss: 147023.91
16:16:30 | INFO     | PaCMAP Live 📈 | Iteration: 470 | Loss: 146887.39
16:16:31 | INFO     | PaCMAP Live 📈 | Iteration: 480 | Loss: 146757.69
16:16:33 | INFO     | PaCMAP Live 📈 | Iteration: 490 | Loss: 146634.19
16:16:34 | INFO     | PaCMAP Live 📈 | Iteration: 500 | Loss: 146516.88
16:16:35 | INFO     | PaCMAP Live 📈 | Iteration: 510 | Loss: 146405.66
16:16:36 | INFO     | PaCMAP Live 📈 | Iteration: 520 | Loss: 146298.91
16:16:37 | INFO     | PaCMAP Live 📈 | Iteration: 530 | Loss: 146196.89
16:16:39 | INFO     | PaCMAP Live 📈 | Iteration: 540 | Loss: 146097.75
16:16:40 | INFO     | PaCMAP Live 📈 | Iteration: 550 | Loss: 146003.81
16:16:40 | INFO     | PaCMAP terminé | shape=(87585, 3) | 56 points de loss capturés
16:16:40 | INFO     | Réduction de loss totale : 91.0%  (1626k → 146k)
16:16:40 | INFO     | Génération du graphique de loss...
16:16:40 | INFO     | Loss chart sauvegardé → ../outputs\pacmap_loss.png
16:16:40 | INFO     | Construction du DataFrame de visualisation...
16:16:40 | INFO     | viz_df prêt : (87585, 8)
16:16:40 | INFO     | Top 15 genres retenus : ['Drama', 'Comedy', 'Action', 'Documentary', 'Unknown', 'Horror', 'Crime', 'Animation', 'Adventure', 'Children', 'Thriller', 'Romance', 'Sci-Fi', 'Western', 'Mystery']
16:16:40 | INFO     | Génération du scatter 3D Plotly...
16:16:41 | INFO     | Carte 3D interactive sauvegardée → ../outputs\pacmap_3d_films.html
16:16:44 | INFO     | ✅ Cellule PaCMAP terminée avec succès
